INFO 2023-11-08 17:38:59,640 autoreload Watching for file changes with StatReloader
INFO 2023-11-08 17:39:05,234 autoreload Watching for file changes with StatReloader
INFO 2023-11-08 17:39:18,050 basehttp "GET /feed/ HTTP/1.1" 200 99793
WARNING 2023-11-08 17:39:18,219 log Not Found: /feed/assets/images/avatar/05.jpg
WARNING 2023-11-08 17:39:18,220 log Not Found: /feed/assets/images/avatar/02.jpg
WARNING 2023-11-08 17:39:18,220 log Not Found: /feed/assets/images/avatar/04.jpg
WARNING 2023-11-08 17:39:18,221 basehttp "GET /feed/assets/images/avatar/05.jpg HTTP/1.1" 404 5745
WARNING 2023-11-08 17:39:18,222 basehttp "GET /feed/assets/images/avatar/04.jpg HTTP/1.1" 404 5745
WARNING 2023-11-08 17:39:18,223 log Not Found: /feed/assets/images/post/3by2/02.jpg
WARNING 2023-11-08 17:39:18,223 basehttp "GET /feed/assets/images/avatar/02.jpg HTTP/1.1" 404 5745
WARNING 2023-11-08 17:39:18,223 log Not Found: /feed/assets/images/avatar/placeholder.jpg
WARNING 2023-11-08 17:39:18,226 basehttp "GET /feed/assets/images/post/3by2/02.jpg HTTP/1.1" 404 5754
WARNING 2023-11-08 17:39:18,231 basehttp "GET /feed/assets/images/avatar/placeholder.jpg HTTP/1.1" 404 5772
WARNING 2023-11-08 17:39:18,232 log Not Found: /feed/assets/images/elements/12.svg
WARNING 2023-11-08 17:39:18,237 basehttp "GET /feed/assets/images/elements/12.svg HTTP/1.1" 404 5751
WARNING 2023-11-08 17:39:18,270 log Not Found: /feed/assets/images/avatar/10.jpg
WARNING 2023-11-08 17:39:18,271 basehttp "GET /feed/assets/images/avatar/10.jpg HTTP/1.1" 404 5745
WARNING 2023-11-08 17:39:18,279 log Not Found: /feed/assets/images/bg/01.jpg
WARNING 2023-11-08 17:39:18,279 log Not Found: /feed/assets/images/avatar/11.jpg
WARNING 2023-11-08 17:39:18,283 log Not Found: /feed/assets/images/avatar/08.jpg
WARNING 2023-11-08 17:39:18,284 log Not Found: /feed/assets/images/avatar/07.jpg
WARNING 2023-11-08 17:39:18,284 basehttp "GET /feed/assets/images/bg/01.jpg HTTP/1.1" 404 5733
WARNING 2023-11-08 17:39:18,284 log Not Found: /feed/assets/images/avatar/06.jpg
WARNING 2023-11-08 17:39:18,284 basehttp "GET /feed/assets/images/avatar/11.jpg HTTP/1.1" 404 5745
WARNING 2023-11-08 17:39:18,285 basehttp "GET /feed/assets/images/avatar/08.jpg HTTP/1.1" 404 5745
WARNING 2023-11-08 17:39:18,285 basehttp "GET /feed/assets/images/avatar/07.jpg HTTP/1.1" 404 5745
WARNING 2023-11-08 17:39:18,291 basehttp "GET /feed/assets/images/avatar/06.jpg HTTP/1.1" 404 5745
WARNING 2023-11-08 17:39:18,308 basehttp "GET /static/assets/images/post/3by2/05.jpg HTTP/1.1" 404 1963
WARNING 2023-11-08 17:39:18,317 basehttp "GET /static/assets/images/post/3by2/04.jpg HTTP/1.1" 404 1963
WARNING 2023-11-08 17:39:18,319 log Not Found: /feed/assets/images/avatar/09.jpg
WARNING 2023-11-08 17:39:18,320 basehttp "GET /feed/assets/images/avatar/09.jpg HTTP/1.1" 404 5745
WARNING 2023-11-08 17:39:18,322 basehttp "GET /static/assets/images/post/3by2/06.jpg HTTP/1.1" 404 1963
WARNING 2023-11-08 17:39:18,326 log Not Found: /feed/assets/images/avatar/03.jpg
WARNING 2023-11-08 17:39:18,329 basehttp "GET /feed/assets/images/avatar/03.jpg HTTP/1.1" 404 5745
WARNING 2023-11-08 17:39:18,329 log Not Found: /feed/assets/images/avatar/12.jpg
WARNING 2023-11-08 17:39:18,331 basehttp "GET /feed/assets/images/avatar/12.jpg HTTP/1.1" 404 5745
WARNING 2023-11-08 17:39:18,343 log Not Found: /feed/assets/images/post/1by1/04.jpg
WARNING 2023-11-08 17:39:18,344 basehttp "GET /feed/assets/images/post/1by1/04.jpg HTTP/1.1" 404 5754
WARNING 2023-11-08 17:39:18,344 log Not Found: /feed/assets/images/post/1by1/05.jpg
WARNING 2023-11-08 17:39:18,345 basehttp "GET /feed/assets/images/post/1by1/05.jpg HTTP/1.1" 404 5754
WARNING 2023-11-08 17:39:18,347 log Not Found: /feed/assets/images/post/1by1/06.jpg
WARNING 2023-11-08 17:39:18,347 basehttp "GET /feed/assets/images/post/1by1/06.jpg HTTP/1.1" 404 5754
INFO 2023-11-08 17:39:38,436 autoreload /Users/omaral/Desktop/docker/dock/cisse/playerpro/playerpro/settings/dev.py changed, reloading.
INFO 2023-11-08 17:39:39,249 autoreload Watching for file changes with StatReloader
INFO 2023-11-08 17:39:40,372 basehttp "GET /feed/ HTTP/1.1" 200 99793
WARNING 2023-11-08 17:39:40,512 log Not Found: /feed/assets/images/avatar/placeholder.jpg
WARNING 2023-11-08 17:39:40,513 log Not Found: /feed/assets/images/avatar/04.jpg
WARNING 2023-11-08 17:39:40,514 log Not Found: /feed/assets/images/post/3by2/02.jpg
WARNING 2023-11-08 17:39:40,515 basehttp "GET /feed/assets/images/avatar/placeholder.jpg HTTP/1.1" 404 5772
WARNING 2023-11-08 17:39:40,516 basehttp "GET /feed/assets/images/avatar/04.jpg HTTP/1.1" 404 5745
WARNING 2023-11-08 17:39:40,517 basehttp "GET /feed/assets/images/post/3by2/02.jpg HTTP/1.1" 404 5754
WARNING 2023-11-08 17:39:40,517 log Not Found: /feed/assets/images/elements/12.svg
WARNING 2023-11-08 17:39:40,519 log Not Found: /feed/assets/images/avatar/02.jpg
WARNING 2023-11-08 17:39:40,520 basehttp "GET /feed/assets/images/elements/12.svg HTTP/1.1" 404 5751
WARNING 2023-11-08 17:39:40,526 basehttp "GET /feed/assets/images/avatar/02.jpg HTTP/1.1" 404 5745
WARNING 2023-11-08 17:39:40,545 log Not Found: /feed/assets/images/avatar/09.jpg
WARNING 2023-11-08 17:39:40,546 basehttp "GET /feed/assets/images/avatar/09.jpg HTTP/1.1" 404 5745
WARNING 2023-11-08 17:39:40,568 log Not Found: /feed/assets/images/avatar/11.jpg
WARNING 2023-11-08 17:39:40,569 log Not Found: /feed/assets/images/avatar/08.jpg
WARNING 2023-11-08 17:39:40,569 basehttp "GET /feed/assets/images/avatar/11.jpg HTTP/1.1" 404 5745
WARNING 2023-11-08 17:39:40,573 basehttp "GET /feed/assets/images/avatar/08.jpg HTTP/1.1" 404 5745
WARNING 2023-11-08 17:39:40,573 log Not Found: /feed/assets/images/avatar/06.jpg
WARNING 2023-11-08 17:39:40,578 basehttp "GET /feed/assets/images/avatar/06.jpg HTTP/1.1" 404 5745
WARNING 2023-11-08 17:39:40,589 log Not Found: /feed/assets/images/avatar/10.jpg
WARNING 2023-11-08 17:39:40,589 basehttp "GET /feed/assets/images/avatar/10.jpg HTTP/1.1" 404 5745
WARNING 2023-11-08 17:39:40,590 log Not Found: /feed/assets/images/bg/01.jpg
WARNING 2023-11-08 17:39:40,592 basehttp "GET /feed/assets/images/bg/01.jpg HTTP/1.1" 404 5733
WARNING 2023-11-08 17:39:40,605 log Not Found: /feed/assets/images/avatar/05.jpg
WARNING 2023-11-08 17:39:40,606 basehttp "GET /feed/assets/images/avatar/05.jpg HTTP/1.1" 404 5745
WARNING 2023-11-08 17:39:40,615 log Not Found: /feed/assets/images/avatar/07.jpg
WARNING 2023-11-08 17:39:40,616 log Not Found: /feed/assets/images/avatar/12.jpg
WARNING 2023-11-08 17:39:40,617 basehttp "GET /static/assets/images/post/3by2/04.jpg HTTP/1.1" 404 1963
WARNING 2023-11-08 17:39:40,620 basehttp "GET /static/assets/images/post/3by2/05.jpg HTTP/1.1" 404 1963
WARNING 2023-11-08 17:39:40,620 basehttp "GET /feed/assets/images/avatar/12.jpg HTTP/1.1" 404 5745
WARNING 2023-11-08 17:39:40,620 basehttp "GET /feed/assets/images/avatar/07.jpg HTTP/1.1" 404 5745
WARNING 2023-11-08 17:39:40,621 log Not Found: /feed/assets/images/avatar/03.jpg
WARNING 2023-11-08 17:39:40,623 basehttp "GET /feed/assets/images/avatar/03.jpg HTTP/1.1" 404 5745
WARNING 2023-11-08 17:39:40,629 basehttp "GET /static/assets/images/post/3by2/06.jpg HTTP/1.1" 404 1963
WARNING 2023-11-08 17:39:40,642 log Not Found: /feed/assets/images/post/1by1/06.jpg
WARNING 2023-11-08 17:39:40,643 log Not Found: /feed/assets/images/post/1by1/05.jpg
WARNING 2023-11-08 17:39:40,643 basehttp "GET /feed/assets/images/post/1by1/06.jpg HTTP/1.1" 404 5754
WARNING 2023-11-08 17:39:40,643 log Not Found: /feed/assets/images/post/1by1/04.jpg
WARNING 2023-11-08 17:39:40,643 basehttp "GET /feed/assets/images/post/1by1/05.jpg HTTP/1.1" 404 5754
WARNING 2023-11-08 17:39:40,644 basehttp "GET /feed/assets/images/post/1by1/04.jpg HTTP/1.1" 404 5754
INFO 2023-11-08 17:39:41,384 basehttp "GET /feed/ HTTP/1.1" 200 99793
WARNING 2023-11-08 17:39:41,478 log Not Found: /feed/assets/images/elements/12.svg
WARNING 2023-11-08 17:39:41,478 log Not Found: /feed/assets/images/avatar/02.jpg
WARNING 2023-11-08 17:39:41,479 basehttp "GET /feed/assets/images/avatar/02.jpg HTTP/1.1" 404 5745
WARNING 2023-11-08 17:39:41,479 log Not Found: /feed/assets/images/post/3by2/02.jpg
WARNING 2023-11-08 17:39:41,480 basehttp "GET /feed/assets/images/elements/12.svg HTTP/1.1" 404 5751
WARNING 2023-11-08 17:39:41,480 log Not Found: /feed/assets/images/avatar/placeholder.jpg
WARNING 2023-11-08 17:39:41,481 log Not Found: /feed/assets/images/avatar/04.jpg
WARNING 2023-11-08 17:39:41,483 basehttp "GET /feed/assets/images/post/3by2/02.jpg HTTP/1.1" 404 5754
WARNING 2023-11-08 17:39:41,484 basehttp "GET /feed/assets/images/avatar/placeholder.jpg HTTP/1.1" 404 5772
WARNING 2023-11-08 17:39:41,487 basehttp "GET /feed/assets/images/avatar/04.jpg HTTP/1.1" 404 5745
WARNING 2023-11-08 17:39:41,489 log Not Found: /feed/assets/images/avatar/05.jpg
WARNING 2023-11-08 17:39:41,494 basehttp "GET /feed/assets/images/avatar/05.jpg HTTP/1.1" 404 5745
WARNING 2023-11-08 17:39:41,522 log Not Found: /feed/assets/images/bg/01.jpg
WARNING 2023-11-08 17:39:41,524 basehttp "GET /feed/assets/images/bg/01.jpg HTTP/1.1" 404 5733
WARNING 2023-11-08 17:39:41,524 log Not Found: /feed/assets/images/avatar/06.jpg
WARNING 2023-11-08 17:39:41,527 basehttp "GET /feed/assets/images/avatar/06.jpg HTTP/1.1" 404 5745
WARNING 2023-11-08 17:39:41,528 log Not Found: /feed/assets/images/avatar/10.jpg
WARNING 2023-11-08 17:39:41,529 basehttp "GET /feed/assets/images/avatar/10.jpg HTTP/1.1" 404 5745
WARNING 2023-11-08 17:39:41,532 log Not Found: /feed/assets/images/avatar/07.jpg
WARNING 2023-11-08 17:39:41,535 log Not Found: /feed/assets/images/avatar/11.jpg
WARNING 2023-11-08 17:39:41,537 basehttp "GET /feed/assets/images/avatar/07.jpg HTTP/1.1" 404 5745
WARNING 2023-11-08 17:39:41,539 basehttp "GET /feed/assets/images/avatar/11.jpg HTTP/1.1" 404 5745
WARNING 2023-11-08 17:39:41,547 log Not Found: /feed/assets/images/avatar/09.jpg
WARNING 2023-11-08 17:39:41,550 basehttp "GET /feed/assets/images/avatar/09.jpg HTTP/1.1" 404 5745
WARNING 2023-11-08 17:39:41,568 basehttp "GET /static/assets/images/post/3by2/04.jpg HTTP/1.1" 404 1963
WARNING 2023-11-08 17:39:41,570 basehttp "GET /static/assets/images/post/3by2/05.jpg HTTP/1.1" 404 1963
WARNING 2023-11-08 17:39:41,570 log Not Found: /feed/assets/images/avatar/08.jpg
WARNING 2023-11-08 17:39:41,571 basehttp "GET /static/assets/images/post/3by2/06.jpg HTTP/1.1" 404 1963
WARNING 2023-11-08 17:39:41,573 log Not Found: /feed/assets/images/avatar/03.jpg
WARNING 2023-11-08 17:39:41,574 basehttp "GET /feed/assets/images/avatar/08.jpg HTTP/1.1" 404 5745
WARNING 2023-11-08 17:39:41,575 log Not Found: /feed/assets/images/avatar/12.jpg
WARNING 2023-11-08 17:39:41,576 basehttp "GET /feed/assets/images/avatar/03.jpg HTTP/1.1" 404 5745
WARNING 2023-11-08 17:39:41,576 basehttp "GET /feed/assets/images/avatar/12.jpg HTTP/1.1" 404 5745
WARNING 2023-11-08 17:39:41,592 log Not Found: /feed/assets/images/post/1by1/04.jpg
WARNING 2023-11-08 17:39:41,594 basehttp "GET /feed/assets/images/post/1by1/04.jpg HTTP/1.1" 404 5754
WARNING 2023-11-08 17:39:41,594 log Not Found: /feed/assets/images/post/1by1/06.jpg
WARNING 2023-11-08 17:39:41,595 log Not Found: /feed/assets/images/post/1by1/05.jpg
WARNING 2023-11-08 17:39:41,595 basehttp "GET /feed/assets/images/post/1by1/06.jpg HTTP/1.1" 404 5754
WARNING 2023-11-08 17:39:41,595 basehttp "GET /feed/assets/images/post/1by1/05.jpg HTTP/1.1" 404 5754
INFO 2023-11-08 17:40:09,020 autoreload /Users/omaral/Desktop/docker/dock/cisse/playerpro/playerpro/settings/dev.py changed, reloading.
INFO 2023-11-08 17:40:09,647 autoreload Watching for file changes with StatReloader
ERROR 2023-11-08 17:40:15,476 exception Invalid HTTP_HOST header: '127.0.0.1:8000'. You may need to add '127.0.0.1' to ALLOWED_HOSTS.
Traceback (most recent call last):
  File "/Users/omaral/Desktop/docker/dock/cisse/envs/playpro/lib/python3.8/site-packages/django/core/handlers/exception.py", line 55, in inner
    response = get_response(request)
  File "/Users/omaral/Desktop/docker/dock/cisse/envs/playpro/lib/python3.8/site-packages/django/utils/deprecation.py", line 133, in __call__
    response = self.process_request(request)
  File "/Users/omaral/Desktop/docker/dock/cisse/envs/playpro/lib/python3.8/site-packages/django/middleware/common.py", line 48, in process_request
    host = request.get_host()
  File "/Users/omaral/Desktop/docker/dock/cisse/envs/playpro/lib/python3.8/site-packages/django/http/request.py", line 150, in get_host
    raise DisallowedHost(msg)
django.core.exceptions.DisallowedHost: Invalid HTTP_HOST header: '127.0.0.1:8000'. You may need to add '127.0.0.1' to ALLOWED_HOSTS.
WARNING 2023-11-08 17:40:15,548 log Bad Request: /feed/
WARNING 2023-11-08 17:40:15,548 basehttp "GET /feed/ HTTP/1.1" 400 69290
ERROR 2023-11-08 17:40:15,664 exception Invalid HTTP_HOST header: '127.0.0.1:8000'. You may need to add '127.0.0.1' to ALLOWED_HOSTS.
Traceback (most recent call last):
  File "/Users/omaral/Desktop/docker/dock/cisse/envs/playpro/lib/python3.8/site-packages/django/core/handlers/exception.py", line 55, in inner
    response = get_response(request)
  File "/Users/omaral/Desktop/docker/dock/cisse/envs/playpro/lib/python3.8/site-packages/django/utils/deprecation.py", line 133, in __call__
    response = self.process_request(request)
  File "/Users/omaral/Desktop/docker/dock/cisse/envs/playpro/lib/python3.8/site-packages/django/middleware/common.py", line 48, in process_request
    host = request.get_host()
  File "/Users/omaral/Desktop/docker/dock/cisse/envs/playpro/lib/python3.8/site-packages/django/http/request.py", line 150, in get_host
    raise DisallowedHost(msg)
django.core.exceptions.DisallowedHost: Invalid HTTP_HOST header: '127.0.0.1:8000'. You may need to add '127.0.0.1' to ALLOWED_HOSTS.
WARNING 2023-11-08 17:40:15,688 log Bad Request: /favicon.ico
WARNING 2023-11-08 17:40:15,688 basehttp "GET /favicon.ico HTTP/1.1" 400 68943
INFO 2023-11-08 17:40:36,115 autoreload /Users/omaral/Desktop/docker/dock/cisse/playerpro/playerpro/settings/dev.py changed, reloading.
INFO 2023-11-08 17:40:36,744 autoreload Watching for file changes with StatReloader
